Base path: C:/Program Files (x86)/Unity4.6.1f1/Editor/Data
Pipe name: \\.\pipe\UnityShaderCompiler-1-6204
Cmd: getPlatforms
Cmd: preprocess
  error: 2 plat 12 at (38): Can't find include file AngryInclude.cginc
  insize=1072 outsize=260 ok=0
Cmd: preprocess
  insize=1544 outsize=374 ok=1
Cmd: compileSnippet
  api=1 type=0 insize=1413 outsize=342 kw= ok=1
Cmd: compileSnippet
  api=1 type=1 insize=1413 outsize=235 kw= ok=1
Cmd: preprocess
  error: 2 plat 12 at (61): Can't find include file AngryInclude.cginc
  error: 2 plat 12 at (169): Can't find include file AngryInclude.cginc
  insize=4462 outsize=1030 ok=0
Cmd: preprocess
  error: 2 plat 12 at (107): Can't find include file AngryInclude.cginc
  insize=3165 outsize=779 ok=0
Cmd: preprocess
  insize=791 outsize=381 ok=1
Cmd: compileSnippet
  api=1 type=0 insize=715 outsize=132 kw= ok=1
Cmd: compileSnippet
  api=1 type=1 insize=715 outsize=59 kw= ok=1
Cmd: preprocess
  insize=3745 outsize=589 ok=1
Cmd: compileSnippet
  api=1 type=0 insize=3284 outsize=379 kw= ok=1
Cmd: compileSnippet
  api=1 type=1 insize=3284 outsize=672 kw= ok=1
Cmd: compileSnippet
  api=1 type=0 insize=3295 outsize=379 kw= ok=1
Cmd: compileSnippet
  api=1 type=1 insize=3295 outsize=377 kw= ok=1
Cmd: compileSnippet
  api=1 type=0 insize=3308 outsize=132 kw= ok=1
Cmd: compileSnippet
  api=1 type=1 insize=3308 outsize=185 kw= ok=1
Cmd: preprocess
  insize=969 outsize=479 ok=1
Cmd: compileSnippet
  api=1 type=0 insize=795 outsize=145 kw= ok=1
Cmd: compileSnippet
  api=1 type=1 insize=795 outsize=74 kw= ok=1
Cmd: preprocess
  insize=7324 outsize=1538 ok=1
Cmd: compileSnippet
  api=1 type=0 insize=5385 outsize=132 kw= ok=1
Cmd: compileSnippet
  api=1 type=1 insize=5385 outsize=180 kw= ok=1
Cmd: compileSnippet
  api=1 type=0 insize=5385 outsize=132 kw= ok=1
Cmd: compileSnippet
  api=1 type=1 insize=5385 outsize=497 kw= ok=1
Cmd: compileSnippet
  api=1 type=0 insize=5385 outsize=132 kw= ok=1
Cmd: compileSnippet
  api=1 type=1 insize=5385 outsize=484 kw= ok=1
Cmd: compileSnippet
  api=1 type=0 insize=5384 outsize=231 kw= ok=1
Cmd: compileSnippet
  api=1 type=1 insize=5384 outsize=209 kw= ok=1
Cmd: compileSnippet
  api=1 type=0 insize=5386 outsize=132 kw= ok=1
Cmd: compileSnippet
  api=1 type=1 insize=5386 outsize=263 kw= ok=1
Cmd: compileSnippet
  api=1 type=0 insize=5393 outsize=231 kw= ok=1
Cmd: compileSnippet
  api=1 type=1 insize=5393 outsize=225 kw= ok=1
Cmd: compileSnippet
  api=1 type=0 insize=5383 outsize=227 kw= ok=1
Cmd: compileSnippet
  api=1 type=1 insize=5383 outsize=376 kw= ok=1
Cmd: preprocess
  error: 2 plat 12 at (75): Can't find include file AngryInclude.cginc
  error: 2 plat 12 at (170): Can't find include file AngryInclude.cginc
  insize=3077 outsize=782 ok=0
Cmd: preprocess
  insize=844 outsize=358 ok=1
Cmd: compileSnippet
  api=1 type=0 insize=788 outsize=145 kw= ok=1
Cmd: compileSnippet
  api=1 type=1 insize=788 outsize=99 kw= ok=1
Cmd: preprocess
  insize=4844 outsize=843 ok=1
Cmd: compileSnippet
  api=1 type=0 insize=3981 outsize=329 kw= ok=1
Cmd: compileSnippet
  api=1 type=1 insize=3981 outsize=128 kw= ok=1
Cmd: compileSnippet
  api=1 type=0 insize=3978 outsize=347 kw= ok=1
Cmd: compileSnippet
  api=1 type=1 insize=3978 outsize=264 kw= ok=1
Cmd: compileSnippet
  api=1 type=0 insize=3997 outsize=389 kw= ok=1
Cmd: compileSnippet
  api=1 type=1 insize=3997 outsize=242 kw= ok=1
Cmd: compileSnippet
  api=1 type=0 insize=3999 outsize=389 kw= ok=1
Cmd: compileSnippet
  api=1 type=1 insize=3999 outsize=242 kw= ok=1
Cmd: compileSnippet
  api=1 type=0 insize=3994 outsize=329 kw= ok=1
Cmd: compileSnippet
  api=1 type=1 insize=3994 outsize=279 kw= ok=1
Cmd: compileSnippet
  api=1 type=0 insize=3986 outsize=347 kw= ok=1
Cmd: compileSnippet
  api=1 type=1 insize=3986 outsize=349 kw= ok=1
Cmd: preprocess
  insize=1042 outsize=433 ok=1
Cmd: compileSnippet
  api=1 type=0 insize=914 outsize=178 kw= ok=1
Cmd: compileSnippet
  api=1 type=1 insize=914 outsize=128 kw= ok=1
Cmd: preprocess
  insize=865 outsize=409 ok=1
Cmd: compileSnippet
  api=1 type=0 insize=761 outsize=145 kw= ok=1
Cmd: compileSnippet
  api=1 type=1 insize=761 outsize=59 kw= ok=1
Cmd: preprocess
  error: 2 plat 12 at (38): Can't find include file AngryInclude.cginc
  insize=1072 outsize=260 ok=0
Cmd: preprocess
  insize=1544 outsize=374 ok=1
Cmd: preprocess
  insize=1433 outsize=550 ok=1
Cmd: compileSnippet
  api=1 type=0 insize=1189 outsize=268 kw= ok=1
Cmd: compileSnippet
  api=1 type=1 insize=1189 outsize=214 kw= ok=1
Cmd: preprocess
  error: 2 plat 12 at (61): Can't find include file AngryInclude.cginc
  error: 2 plat 12 at (169): Can't find include file AngryInclude.cginc
  insize=4462 outsize=1030 ok=0
Cmd: preprocess
  error: 2 plat 12 at (107): Can't find include file AngryInclude.cginc
  insize=3165 outsize=779 ok=0
Cmd: preprocess
  error: 2 plat 12 at (74): Can't find include file AngryInclude.cginc
  error: 2 plat 12 at (184): Can't find include file AngryInclude.cginc
  insize=3642 outsize=1074 ok=0
Cmd: preprocess
  insize=791 outsize=381 ok=1
Cmd: preprocess
  insize=3745 outsize=589 ok=1
Cmd: preprocess
  insize=969 outsize=479 ok=1
Cmd: preprocess
  insize=7324 outsize=1538 ok=1
Cmd: preprocess
  error: 2 plat 12 at (75): Can't find include file AngryInclude.cginc
  error: 2 plat 12 at (170): Can't find include file AngryInclude.cginc
  insize=3077 outsize=782 ok=0
Cmd: preprocess
  insize=844 outsize=358 ok=1
Cmd: preprocess
  insize=996 outsize=437 ok=1
Cmd: compileSnippet
  api=1 type=0 insize=864 outsize=175 kw= ok=1
Cmd: compileSnippet
  api=1 type=1 insize=864 outsize=81 kw= ok=1
Cmd: preprocess
  insize=4844 outsize=843 ok=1
Cmd: preprocess
  insize=976 outsize=457 ok=1
Cmd: compileSnippet
  api=1 type=0 insize=824 outsize=162 kw= ok=1
Cmd: compileSnippet
  api=1 type=1 insize=824 outsize=81 kw= ok=1
Cmd: preprocess
  insize=1042 outsize=433 ok=1
Cmd: preprocess
  insize=865 outsize=409 ok=1
Cmd: preprocess
  error: 2 plat 12 at (38): Can't find include file AngryInclude.cginc
  insize=1072 outsize=260 ok=0
Cmd: preprocess
  insize=1544 outsize=374 ok=1
Cmd: preprocess
  insize=1433 outsize=550 ok=1
Cmd: preprocess
  error: 2 plat 12 at (61): Can't find include file AngryInclude.cginc
  error: 2 plat 12 at (169): Can't find include file AngryInclude.cginc
  insize=4462 outsize=1030 ok=0
Cmd: preprocess
  error: 2 plat 12 at (107): Can't find include file AngryInclude.cginc
  insize=3165 outsize=779 ok=0
Cmd: preprocess
  error: 2 plat 12 at (74): Can't find include file AngryInclude.cginc
  error: 2 plat 12 at (184): Can't find include file AngryInclude.cginc
  insize=3642 outsize=1074 ok=0
Cmd: preprocess
  insize=791 outsize=381 ok=1
Cmd: preprocess
  insize=3745 outsize=589 ok=1
Cmd: preprocess
  insize=969 outsize=479 ok=1
Cmd: preprocess
  insize=7324 outsize=1538 ok=1
Cmd: preprocess
  error: 2 plat 12 at (75): Can't find include file AngryInclude.cginc
  error: 2 plat 12 at (170): Can't find include file AngryInclude.cginc
  insize=3077 outsize=782 ok=0
Cmd: preprocess
  insize=844 outsize=358 ok=1
Cmd: preprocess
  insize=996 outsize=437 ok=1
Cmd: preprocess
  insize=4844 outsize=843 ok=1
Cmd: preprocess
  insize=976 outsize=457 ok=1
Cmd: preprocess
  insize=1042 outsize=433 ok=1
Cmd: preprocess
  insize=865 outsize=409 ok=1
Cmd: preprocess
  insize=1725 outsize=1007 ok=1
Cmd: compileSnippet
  api=1 type=0 insize=1020 outsize=171 kw= ok=1
Cmd: compileSnippet
  api=1 type=1 insize=1020 outsize=141 kw= ok=1
